0 info it worked if it ends with ok
1 verbose cli [ '/usr/local/bin/node',
1 verbose cli   '/usr/local/bin/npm',
1 verbose cli   'install',
1 verbose cli   'request@2.67.1',
1 verbose cli   '--save' ]
2 info using npm@2.14.12
3 info using node@v4.2.4
4 verbose install initial load of /Users/Minh/Desktop/node-course/web-server/package.json
5 warn package.json web-server@1.0.0 No description
6 warn package.json web-server@1.0.0 No repository field.
7 warn package.json web-server@1.0.0 No README data
8 verbose installManyTop reading scoped package data from /Users/Minh/Desktop/node-course/web-server/node_modules/express/package.json
9 verbose readDependencies loading dependencies from /Users/Minh/Desktop/node-course/web-server/package.json
10 silly cache add args [ 'request@2.67.1', null ]
11 verbose cache add spec request@2.67.1
12 silly cache add parsed spec Result {
12 silly cache add   raw: 'request@2.67.1',
12 silly cache add   scope: null,
12 silly cache add   name: 'request',
12 silly cache add   rawSpec: '2.67.1',
12 silly cache add   spec: '2.67.1',
12 silly cache add   type: 'version' }
13 silly addNamed request@2.67.1
14 verbose addNamed "2.67.1" is a plain semver version for request
15 silly mapToRegistry name request
16 silly mapToRegistry using default registry
17 silly mapToRegistry registry https://registry.npmjs.org/
18 silly mapToRegistry uri https://registry.npmjs.org/request
19 verbose addNameVersion registry:https://registry.npmjs.org/request not in flight; fetching
20 verbose request uri https://registry.npmjs.org/request
21 verbose request no auth needed
22 info attempt registry request try #1 at 3:24:05 PM
23 verbose request id f081f18bd5afed26
24 verbose etag "7FKS73UV4D1TKULF3Q99R3OKB"
25 http request GET https://registry.npmjs.org/request
26 http 200 https://registry.npmjs.org/request
27 verbose headers { server: 'CouchDB/1.5.0 (Erlang OTP/R16B03)',
27 verbose headers   etag: '"2KASDYTN0FW22HCRYTPA0L2MX"',
27 verbose headers   'content-type': 'application/json',
27 verbose headers   'cache-control': 'max-age=300',
27 verbose headers   'content-length': '180877',
27 verbose headers   'accept-ranges': 'bytes',
27 verbose headers   date: 'Wed, 13 Jan 2016 20:24:05 GMT',
27 verbose headers   via: '1.1 varnish',
27 verbose headers   age: '221',
27 verbose headers   connection: 'keep-alive',
27 verbose headers   'x-served-by': 'cache-atl6230-ATL',
27 verbose headers   'x-cache': 'HIT',
27 verbose headers   'x-cache-hits': '26',
27 verbose headers   'x-timer': 'S1452716645.659955,VS0,VE0',
27 verbose headers   vary: 'Accept' }
28 silly get cb [ 200,
28 silly get   { server: 'CouchDB/1.5.0 (Erlang OTP/R16B03)',
28 silly get     etag: '"2KASDYTN0FW22HCRYTPA0L2MX"',
28 silly get     'content-type': 'application/json',
28 silly get     'cache-control': 'max-age=300',
28 silly get     'content-length': '180877',
28 silly get     'accept-ranges': 'bytes',
28 silly get     date: 'Wed, 13 Jan 2016 20:24:05 GMT',
28 silly get     via: '1.1 varnish',
28 silly get     age: '221',
28 silly get     connection: 'keep-alive',
28 silly get     'x-served-by': 'cache-atl6230-ATL',
28 silly get     'x-cache': 'HIT',
28 silly get     'x-cache-hits': '26',
28 silly get     'x-timer': 'S1452716645.659955,VS0,VE0',
28 silly get     vary: 'Accept' } ]
29 verbose get saving request to /Users/Minh/.npm/registry.npmjs.org/request/.cache.json
30 verbose stack Error: version not found: request@2.67.1
30 verbose stack     at setData (/usr/local/lib/node_modules/npm/lib/cache/add-named.js:137:12)
30 verbose stack     at RES (/usr/local/lib/node_modules/npm/node_modules/inflight/inflight.js:23:14)
30 verbose stack     at f (/usr/local/lib/node_modules/npm/node_modules/once/once.js:17:25)
30 verbose stack     at fixName (/usr/local/lib/node_modules/npm/lib/cache/add-named.js:29:5)
30 verbose stack     at saved (/usr/local/lib/node_modules/npm/lib/cache/caching-client.js:173:7)
30 verbose stack     at /usr/local/lib/node_modules/npm/node_modules/graceful-fs/polyfills.js:210:7
30 verbose stack     at FSReqWrap.oncomplete (fs.js:82:15)
31 verbose statusCode 404
32 verbose cwd /Users/Minh/Desktop/node-course/web-server
33 error Darwin 15.0.0
34 error argv "/usr/local/bin/node" "/usr/local/bin/npm" "install" "request@2.67.1" "--save"
35 error node v4.2.4
36 error npm  v2.14.12
37 error version not found: request@2.67.1
38 error If you need help, you may report this error at:
38 error     <https://github.com/npm/npm/issues>
39 verbose exit [ 1, true ]
